<?xml version="1.0" encoding="UTF-8"?>
<testsuite xmlns:xsi="http://www.w3.org/2001/XMLSchema-instance" xsi:noNamespaceSchemaLocation="https://maven.apache.org/surefire/maven-surefire-plugin/xsd/surefire-test-report.xsd" name="Runner.TestNgRunner" time="18.005" tests="3" errors="0" skipped="0" failures="0">
  <properties>
[...]
</properties>
  <testcase name="runScenario" classname="Runner.TestNgRunner" time="8.054"/>
  <testcase name="runScenario" classname="Runner.TestNgRunner" time="8.099"/>
  <testcase name="runScenario" classname="Runner.TestNgRunner" time="12.045"/>
</testsuite>